<?xml version="1.0" encoding="UTF-8" ?>
<testsuite tests="19" failures="0" name="be.unamur.info.b314.compiler.main.B314commentsSyntaxTest" time="0.469" errors="0" skipped="0">
  <properties>
    <property name="java.runtime.name" value="OpenJDK Runtime Environment"/>
    <property name="java.vm.version" value="11.0.5+10-b520.30"/>
    <property name="sun.boot.library.path" value="/Applications/IntelliJ IDEA.app/Contents/jbr/Contents/Home/lib"/>
    <property name="gopherProxySet" value="false"/>
    <property name="maven.multiModuleProjectDirectory" value="/Users/patmol/repos/1920_IHDCB332_GROUPE19"/>
    <property name="java.vm.vendor" value="JetBrains s.r.o"/>
    <property name="java.vendor.url" value="https://www.jetbrains.com/"/>
    <property name="guice.disable.misplaced.annotation.check" value="true"/>
    <property name="path.separator" value=":"/>
    <property name="java.vm.name" value="OpenJDK 64-Bit Server VM"/>
    <property name="sun.os.patch.level" value="unknown"/>
    <property name="user.country" value="GB"/>
    <property name="sun.java.launcher" value="SUN_STANDARD"/>
    <property name="java.vm.specification.name" value="Java Virtual Machine Specification"/>
    <property name="user.dir" value="/Users/patmol/repos/1920_IHDCB332_GROUPE19"/>
    <property name="java.vm.compressedOopsMode" value="Zero based"/>
    <property name="java.runtime.version" value="11.0.5+10-b520.30"/>
    <property name="java.awt.graphicsenv" value="sun.awt.CGraphicsEnvironment"/>
    <property name="os.arch" value="x86_64"/>
    <property name="java.io.tmpdir" value="/var/folders/_f/6k146t6961z0nk405pk2j8y40000gn/T/"/>
    <property name="line.separator" value="
"/>
    <property name="java.vm.specification.vendor" value="Oracle Corporation"/>
    <property name="os.name" value="Mac OS X"/>
    <property name="maven.ext.class.path" value="/Applications/IntelliJ IDEA.app/Contents/plugins/maven/lib/maven-event-listener.jar"/>
    <property name="classworlds.conf" value="/Applications/IntelliJ IDEA.app/Contents/plugins/maven/lib/maven3/bin/m2.conf"/>
    <property name="sun.jnu.encoding" value="UTF-8"/>
    <property name="java.library.path" value="/Users/patmol/Library/Java/Extensions:/Library/Java/Extensions:/Network/Library/Java/Extensions:/System/Library/Java/Extensions:/usr/lib/java:."/>
    <property name="maven.conf" value="/Applications/IntelliJ IDEA.app/Contents/plugins/maven/lib/maven3/conf"/>
    <property name="jdk.debug" value="release"/>
    <property name="java.class.version" value="55.0"/>
    <property name="java.specification.name" value="Java Platform API Specification"/>
    <property name="sun.management.compiler" value="HotSpot 64-Bit Tiered Compilers"/>
    <property name="os.version" value="10.15.3"/>
    <property name="idea.version2019.3.2" value="true"/>
    <property name="http.nonProxyHosts" value="local|*.local|169.254/16|*.169.254/16"/>
    <property name="user.home" value="/Users/patmol"/>
    <property name="user.timezone" value="Europe/Brussels"/>
    <property name="java.awt.printerjob" value="sun.lwawt.macosx.CPrinterJob"/>
    <property name="file.encoding" value="UTF-8"/>
    <property name="java.specification.version" value="11"/>
    <property name="user.name" value="patmol"/>
    <property name="java.class.path" value="/Applications/IntelliJ IDEA.app/Contents/plugins/maven/lib/maven3/boot/plexus-classworlds-2.6.0.jar"/>
    <property name="java.vm.specification.version" value="11"/>
    <property name="sun.arch.data.model" value="64"/>
    <property name="sun.java.command" value="org.codehaus.classworlds.Launcher -Didea.version2019.3.2 test"/>
    <property name="java.home" value="/Applications/IntelliJ IDEA.app/Contents/jbr/Contents/Home"/>
    <property name="user.language" value="en"/>
    <property name="java.specification.vendor" value="Oracle Corporation"/>
    <property name="awt.toolkit" value="sun.lwawt.macosx.LWCToolkit"/>
    <property name="java.vm.info" value="mixed mode"/>
    <property name="java.version" value="11.0.5"/>
    <property name="java.vendor" value="JetBrains s.r.o"/>
    <property name="maven.home" value="/Applications/IntelliJ IDEA.app/Contents/plugins/maven/lib/maven3"/>
    <property name="file.separator" value="/"/>
    <property name="java.version.date" value="2019-10-15"/>
    <property name="java.vendor.url.bug" value="https://youtrack.jetbrains.com"/>
    <property name="sun.io.unicode.encoding" value="UnicodeBig"/>
    <property name="sun.cpu.endian" value="little"/>
    <property name="socksNonProxyHosts" value="local|*.local|169.254/16|*.169.254/16"/>
    <property name="ftp.nonProxyHosts" value="local|*.local|169.254/16|*.169.254/16"/>
    <property name="sun.cpu.isalist" value=""/>
  </properties>
  <testcase classname="be.unamur.info.b314.compiler.main.B314commentsSyntaxTest" name="test_variable_global_struct" time="0.02"/>
  <testcase classname="be.unamur.info.b314.compiler.main.B314commentsSyntaxTest" name="test_variable_global_array_no_dimension" time="0.009"/>
  <testcase classname="be.unamur.info.b314.compiler.main.B314commentsSyntaxTest" name="test_variable_global_array_missing_comma_2d" time="0.015"/>
  <testcase classname="be.unamur.info.b314.compiler.main.B314commentsSyntaxTest" name="test_missing_main_function" time="0.012"/>
  <testcase classname="be.unamur.info.b314.compiler.main.B314commentsSyntaxTest" name="test_empty_import" time="0.01"/>
  <testcase classname="be.unamur.info.b314.compiler.main.B314commentsSyntaxTest" name="test_comment_multiline" time="0.064"/>
  <testcase classname="be.unamur.info.b314.compiler.main.B314commentsSyntaxTest" name="test_variable_global_array" time="0.034"/>
  <testcase classname="be.unamur.info.b314.compiler.main.B314commentsSyntaxTest" name="test_variable_global_missing_semicolon" time="0.016"/>
  <testcase classname="be.unamur.info.b314.compiler.main.B314commentsSyntaxTest" name="test_comment_more" time="0.007"/>
  <testcase classname="be.unamur.info.b314.compiler.main.B314commentsSyntaxTest" name="test_full_program" time="0.01"/>
  <testcase classname="be.unamur.info.b314.compiler.main.B314commentsSyntaxTest" name="test_variable_global_non_existant_type" time="0.021"/>
  <testcase classname="be.unamur.info.b314.compiler.main.B314commentsSyntaxTest" name="test_comment_singleline_incorrect" time="0.016"/>
  <testcase classname="be.unamur.info.b314.compiler.main.B314commentsSyntaxTest" name="test_variable_global_incorrect_name" time="0.033"/>
  <testcase classname="be.unamur.info.b314.compiler.main.B314commentsSyntaxTest" name="test_variable_global_declaration" time="0.019"/>
  <testcase classname="be.unamur.info.b314.compiler.main.B314commentsSyntaxTest" name="test_variable_global_declaration_more" time="0.024"/>
  <testcase classname="be.unamur.info.b314.compiler.main.B314commentsSyntaxTest" name="test_action_jump" time="0.079"/>
  <testcase classname="be.unamur.info.b314.compiler.main.B314commentsSyntaxTest" name="test_import_string" time="0.031"/>
  <testcase classname="be.unamur.info.b314.compiler.main.B314commentsSyntaxTest" name="test_variable_global_array_multi_dimension" time="0.026"/>
  <testcase classname="be.unamur.info.b314.compiler.main.B314commentsSyntaxTest" name="test_comment_singleline" time="0.023"/>
</testsuite>